Logfile initialized
[INFO] logfile = /home/sunil/Titanium Studio Workspace/sample/build.log
[DEBUG] /home/sunil/.titanium/mobilesdk/linux/1.8.2/android/builder.py simulator sample /home/sunil/Desktop/android-sdk-linux /home/sunil/Titanium Studio Workspace/sample com.sample 24 WQVGA400 
[INFO] Building sample for Android ... one moment
[INFO] Titanium SDK version: 1.8.2 (02/23/12 17:46 59b3a90)
[DEBUG] Waiting for device to be ready ...
[TRACE] adb devices returned 1 devices/emulators
[DEBUG] Device connected... (waited 0 seconds)
[DEBUG] waited 0.005793 seconds on emulator to get ready
[DEBUG] com.sample installed? True
[INFO] Fastdev server running, deploying in Fastdev mode
[INFO] Copying project resources..
[TRACE] COPYING MODIFIED FILE: /home/sunil/Titanium Studio Workspace/sample/Resources/app.js => /home/sunil/Titanium Studio Workspace/sample/build/android/bin/assets/Resources/app.js
[INFO] Tiapp.xml unchanged, skipping class generation
[DEBUG] Processing Android resource drawables
[DEBUG] found drawable-long-land-ldpi splash screen at /home/sunil/Titanium Studio Workspace/sample/Resources/android/images/res-long-land-ldpi/default.png
[DEBUG] found drawable-long-land-hdpi splash screen at /home/sunil/Titanium Studio Workspace/sample/Resources/android/images/res-long-land-hdpi/default.png
[DEBUG] found drawable-notlong-port-mdpi splash screen at /home/sunil/Titanium Studio Workspace/sample/Resources/android/images/res-notlong-port-mdpi/default.png
[DEBUG] found drawable-notlong-port-ldpi splash screen at /home/sunil/Titanium Studio Workspace/sample/Resources/android/images/res-notlong-port-ldpi/default.png
[DEBUG] found drawable-notlong-land-mdpi splash screen at /home/sunil/Titanium Studio Workspace/sample/Resources/android/images/res-notlong-land-mdpi/default.png
[DEBUG] found drawable-notlong-land-ldpi splash screen at /home/sunil/Titanium Studio Workspace/sample/Resources/android/images/res-notlong-land-ldpi/default.png
[DEBUG] found drawable-notlong-port-hdpi splash screen at /home/sunil/Titanium Studio Workspace/sample/Resources/android/images/res-notlong-port-hdpi/default.png
[DEBUG] found drawable-long-port-hdpi splash screen at /home/sunil/Titanium Studio Workspace/sample/Resources/android/images/res-long-port-hdpi/default.png
[DEBUG] found drawable-notlong-land-hdpi splash screen at /home/sunil/Titanium Studio Workspace/sample/Resources/android/images/res-notlong-land-hdpi/default.png
[DEBUG] found drawable-long-port-ldpi splash screen at /home/sunil/Titanium Studio Workspace/sample/Resources/android/images/res-long-port-ldpi/default.png
[INFO] Waiting for SDCard to become available..
[INFO] Re-launching application ... sample
[INFO] Launching application ... sample
[TRACE] Launch output: Starting: Intent { act=android.intent.action.MAIN cat=[android.intent.category.LAUNCHER] cmp=com.sample/.SampleActivity }
Warning: Activity not started, its current task has been brought to the front

